  Map the unordered.cpp
C:\Program Files (x86)\Microsoft Visual Studio\2019\Community\VC\Tools\MSVC\14.29.30037\include\utility(193,54): warning C4244: 'initializing': conversion from '_Ty' to '_Ty2', possible loss of data
          with
          [
              _Ty=double
          ]
          and
          [
              _Ty2=int
          ]
C:\Users\User\OneDrive\Documents\Map the unordered\Map the unordered\Map the unordered.cpp(47): message : see reference to function template instantiation 'std::pair<const std::string,int>::pair<const char(&)[13],double,0>(_Other1,_Other2 &&) noexcept(false)' being compiled
          with
          [
              _Other1=const char (&)[13],
              _Other2=double
          ]
C:\Users\User\OneDrive\Documents\Map the unordered\Map the unordered\Map the unordered.cpp(44): message : see reference to function template instantiation 'std::pair<const std::string,int>::pair<const char(&)[13],double,0>(_Other1,_Other2 &&) noexcept(false)' being compiled
          with
          [
              _Other1=const char (&)[13],
              _Other2=double
          ]
  Map the unordered.vcxproj -> C:\Users\User\OneDrive\Documents\Map the unordered\Debug\Map the unordered.exe
